A0CT01IZ2          float  Температура АЗ1-1 
A0EE00LZ2          bool   Исправность АКНП АЗ1 
A0EE01LZ2          bool   Исправность АКНП1 
A0EE02LZ2          bool   Исправность АКНП2 
A0EE03LZ2          bool   Исправность АКНП3 
A0EE04LZ2          bool   Исправность АКНП4 
A0EP02IZ2          int    Индикатор -Давление  АЗ1 ниже АС 
A0VN71LZ2          bool   АЗ по АС мощности  АЗ1 
A0VN81LZ2          bool   АЗ по АС периода разгона АЗ1 
A0VP41LZ2          bool   Давление АЗ1 ниже АС 
A0VP71LZ2          bool   АЗ по АС любого давления для АЗ1 
A0VT61LZ2          bool   ПС по температуре в АЗ1 
A0VT71LZ2          bool   АС по температуре в АЗ1 
A0VZ71LZ2          bool   Обобщенный сигнал АС по АЗ1 
A1VN71LZ2          bool   Блокировка автоматического подъёма ББ 
A1VP41LZ2          bool   Давление СБРОС ББ1 ниже АС 
A2CP01RZ2          float  Текущее давление СБРОС РБ1 
A2VP41LZ2          bool   Давление СБРОС РБ1 ниже АС 
A2VP51LZ2          bool   Давление СБРОС РБ1 ниже ПС 
A2VP81LZ2          bool   Давление СБРОС РБ1 в норме 
A3VZ11LZ2          bool   АЗ от НУП ИС1 
A3VZ13LZ2          bool   Имитация АЗ от ВУ ИС 
A3VZ15LZ2          bool   Имитация АЗ от НУП ИС 
A3VZ31LZ2          bool   АЗ от ВУ ИС1 
B0CT01IZ2          float  Температура АЗ2-1 
B0EE00LZ2          bool   Исправность АКНП АЗ2 
B0EP02IZ2          int    Индикатор -Давление  АЗ2 ниже АС 
B0VN71LZ2          bool   АЗ по АС мощности  АЗ2 
B0VN81LZ2          bool   АЗ по АС периода разгона АЗ2 
B0VP41LZ2          bool   Давление АЗ2 ниже АС 
B0VP71LZ2          bool   АЗ по АС любого давления для АЗ2 
B0VT61LZ2          bool   ПС по температуре в АЗ2 
B0VT71LZ2          bool   АС по температуре в АЗ2 
B0VZ71LZ2          bool   Обобщенный сигнал АС по АЗ2 
B1VP41LZ2          bool   Давление СБРОС ББ2 ниже АС 
B2CP01RZ2          float  Текущее давление СБРОС РБ2 
B2VP41LZ2          bool   Давление СБРОС РБ2 ниже АС 
B2VP51LZ2          bool   Давление СБРОС РБ2 ниже ПС 
B2VP81LZ2          bool   Давление СБРОС РБ2 в норме 
B3VZ11LZ2          bool   АЗ от НУП ИС2 
B3VZ31LZ2          bool   АЗ от ВУ ИС2 
R0AD14LZ2          bool   Имитация АЗ от IIУР 
R0AD15LZ2          bool   Имитация АЗ от 1УР (датчик1) 
R0AD16LZ2          bool   Имитация АЗ от 1УР (датчик2) 
R0EE01LZ2          bool   Питание  АКНП1  отключить 
R0EE02LZ2          bool   Питание  АКНП2  отключить 
R0EE03LZ2          bool   Питание  АКНП3  отключить 
R0EE04LRP          bool   Питание  АКНП RPU  отключить 
R0EE04LZ2          bool   Питание  АКНП4  отключить 
R0ET01LZ2          bool   Признак наличия неисправности по температуре  АЗ1 
R0ET02LZ2          bool   Признак наличия неисправности по температуре АЗ2 
R0VN01RZ2          float  Уровень мощности по каналу 1 
R0VN02RZ2          float  Уровень мощности по каналу 2 
R0VN03RZ2          float  Уровень мощности по каналу 3 
R0VN04RZ2          float  Уровень мощности по каналу 4 
R0VN05RZ2          float  Период разгона по каналу 1 
R0VN06RZ2          float  Период разгона по каналу 2 
R0VN07RZ2          float  Период разгона по каналу 3 
R0VN08RZ2          float  Период разгона по каналу 4 
R0VN09RZ2          float  Усредненный период разгона 
R0VN11RZ2          float  Средняя мощность по БАЗ1 
R0VN61LZ2          bool   ПС по мощности канал 1 
R0VN62LZ2          bool   ПС по мощности канал 2 
R0VN63LZ2          bool   ПС по мощности канал 3 
R0VN64LZ2          bool   ПС по мощности канал 4 
R0VN65LZ2          bool   ПС по периоду разгона канал 1 
R0VN66LZ2          bool   ПС по периоду разгона канал 2 
R0VN67LZ2          bool   ПС по периоду разгона канал 3 
R0VN68LZ2          bool   ПС по периоду разгона канал 4 
R0VN69LZ2          bool   ПС по усредненному периоду 
R0VN70LZ2          bool   АЗ по АС мощности РУ 
R0VN79LZ2          bool   АС по усредненному периоду 
R0VN80LZ2          bool   АЗ по АС периода разгона РУ 
R0VP73LZ2          bool   ПС давления для РУ 
R0VR02RZ2          float  Усредненная реактивность 
R0VZ05UZ2          long   Индикатор причины сброса 
R0VZ71LZ2          bool   Обобщенный сигнал АЗ 2 канала 
