A0EE01LS1          bool   Исправность АКНП канал1 на БАЗ1 
A0EE01LS2          bool   Исправность АКНП канал 2 на БАЗ1 
A0EE01LS3          bool   Исправность АКНП канал 3 на БАЗ1 
A0EE01LS4          bool   Исправность АКНП канал 4 на БАЗ1 
A0IT01IZ1          int    Температура АЗ1-1 
A0IT02IZ2          int    Температура АЗ1-2 
A0SN02RIM          float  Концентрация запаздывающих нейтронов 1-го типа AЗ1 
A0SN03RIM          float  Концентрация запаздывающих нейтронов 2-го типа AЗ1 
A0SN04RIM          float  Концентрация запаздывающих нейтронов 3-го типа AЗ1 
A0SN05RIM          float  Концентрация запаздывающих нейтронов 4-го типа AЗ1 
A0SN06RIM          float  Концентрация запаздывающих нейтронов 5-го типа AЗ1 
A0SN07RIM          float  Концентрация запаздывающих нейтронов 6-го типа AЗ1 
A0SN08RIM          float  Поток нейтронов AЗ1(нейтр/с) 
A0SR01RIM          float  Текущая реактивность AЗ1 
A0VN01RIM          float  Период разгона  AЗ1 
A0VN71LS1          bool   Блокировка автоматического  подъёма ББ канал 1 на БАЗ1 
A0VN71LS2          bool   Блокировка автоматического подъёма ББ канал 2 на БАЗ1 
A0VN71LS3          bool   Блокировка автоматического  подъёма ББ канал 3 на БАЗ1 
A0VN71LS4          bool   Блокировка автоматического  подъёма ББ канал 4 на БАЗ1 
A0VP81LZZ          bool   Давление АЗ1 в норме 
A1EE01LS1          bool   Исправность АКНП на БАЗ2 
A1EE01LS2          bool   Исправность АКНП канал 2 на БАЗ2 
A1EE01LS3          bool   Исправность АКНП канал 3 на БАЗ2 
A1EE01LS4          bool   Исправность АКНП канал 4 на БАЗ2 
A1IC01UDU          long   Координата штока ББ1 
A1IE03LDU          bool   Движение ББ1 вперед (от БУШД) 
A1IE04LDU          bool   Движение ББ1 назад (от БУШД) 
A1IS11LDU          bool   Приход на ВУ ББ1 
A1IS11LIM          bool   Магнит ББ1 обесточен 
A1IS12LDU          bool   Магнит ББ1 зацеплен 
A1IS21LDU          bool   Приход на НУ ББ1 
A1IS32LIM          bool   Клапан cброса ББ1 открыт(обесточен) 
A1VN71LS1          bool   Блокировка автоматического  подъёма ББ канал 1 на БАЗ2 
A1VN71LS2          bool   Блокировка автоматического подъёма ББ канал 2 на БАЗ2 
A1VN71LS3          bool   Блокировка автоматического  подъёма ББ канал 3 на БАЗ2 
A1VN71LS4          bool   Блокировка автоматического  подъёма ББ канал 4 на БАЗ2 
A1VP81LZZ          bool   Давление СБРОС ББ1 в норме 
A2IC01UDU          long   Координата штока РБ1 
A2IP01IZ1          int    Текущее давление СБРОС РБ1 
A2IP01IZ2          int    Текущее давление СБРОС РБ1 
A2IS11LDU          bool   Приход на ВУ РБ1 
A2IS11LIM          bool   Магнит РБ1 обесточен 
A2IS12LDU          bool   Магнит РБ1 зацеплен 
A2IS21LDU          bool   Приход на НУ РБ1 
A2IS32LIM          bool   Клапан cброса РБ1 открыт(обесточен) 
A2IS33LDU          bool   Клапан (Подъём РБ1)  открыт (обесточен) 
A2VP82LDU          bool   Давление ПОДЪЁМ РБ1 в норме 
A3IC01UDU          long   Координата штока ИС1 
A3IP02IDU          int    Текущее давление ВЫСТРЕЛ ИС1 
A3IS11LDU          bool   Приход на ВУ ИС1 
A3IS21LDU          bool   Приход на НУ ИС1 
A3IS22LDU          bool   Приход на НУП ИС1 
A3IS31LDU          bool   Клапан (СПУСК ИС1)  открыт (обесточен) 
A3IS33LDU          bool   Клапан (ВЫСТРЕЛ ИС1)  открыт (обесточен) 
A3IS35LDU          bool   Клапан (ВПИС1) открыт(обесточен) 
A3VP81LDU          bool   Давление СПУСК ИС1 в норме 
A4IS10LDU          bool   Клапан (Подъём НИ1) открыт (обесточен) 
A4IS11LDU          bool   Приход на ВУ НИ1 
A4IS21LDU          bool   Приход на НУ НИ1 
A4VP82LDU          bool   Давление ПОДЪЁМ НИ1 в норме 
A5IS11LDU          bool   Приход на ВУ НЛ1 
A5IS21LDU          bool   Приход на НУ НЛ1 
A5VS12LDU          bool   Движение НЛ1 в сторону ВУ 
A5VS22LDU          bool   Движение НЛ1 в сторону НУ 
A6IS11LDU          bool   Приход на ВУ БЗ1 
A6IS21LDU          bool   Приход на НУ БЗ1 
A6VS12LDU          bool   Движение створок БЗ1  к  ОТКРЫТА 
A6VS22LDU          bool   Движение створок БЗ1  к ЗАКРЫТА 
A7AS31LDU          bool   Клапан (Обдув АЗ1) открыт (обесточен) 
A8IC01UDU          long   Координата ДС2 
A8IS12LDU          bool   Приход на механический ВУ ДС2 
A8IS22LDU          bool   Приход на механический НУ ДС2 
A9IS11LDU          bool   Приход на ВУ НИ ДС1 
A9IS21LDU          bool   Приход на НУ НИ ДС1 
B0IT01IZ1          int    Температура АЗ2-1 
B0IT02IZ2          int    Температура АЗ2-2 
B0SN02RIM          float  Концентрация запаздывающих нейтронов 1-го типа AЗ2 
B0SN03RIM          float  Концентрация запаздывающих нейтронов 2-го типа AЗ2 
B0SN04RIM          float  Концентрация запаздывающих нейтронов 3-го типа AЗ2 
B0SN05RIM          float  Концентрация запаздывающих нейтронов 4-го типа AЗ2 
B0SN06RIM          float  Концентрация запаздывающих нейтронов 5-го типа AЗ2 
B0SN07RIM          float  Концентрация запаздывающих нейтронов 6-го типа AЗ2 
B0SN08RIM          float  Поток нейтронов AЗ2(нейтр/с) 
B0SR01RIM          float  Текущая реактивность AЗ2 
B0VP81LZZ          bool   Давление АЗ2 в норме 
B1IC01UDU          long   Координата штока ББ2 
B1IE03LDU          bool   Движение ББ2 вперед (от БУШД) 
B1IE04LDU          bool   Движение ББ2 назад (от БУШД) 
B1IS11LDU          bool   Приход на ВУ ББ2 
B1IS11LIM          bool   Магнит ББ2 обесточен 
B1IS12LDU          bool   Магнит ББ2 зацеплен 
B1IS21LDU          bool   Приход на НУ ББ2 
B1IS32LIM          bool   Клапан cброса ББ2 открыт(обесточен) 
B1VP81LZZ          bool   Давление СБРОС ББ2 в норме 
B2IC01UDU          long   Координата штока РБ2 
B2IP01IZ1          int    Текущее давление СБРОС РБ2 
B2IP01IZ2          int    Текущее давление СБРОС РБ2 
B2IS11LDU          bool   Приход на ВУ РБ2 
B2IS11LIM          bool   Магнит РБ2 обесточен 
B2IS12LDU          bool   Магнит РБ2 зацеплен 
B2IS21LDU          bool   Приход на НУ РБ2 
B2IS32LIM          bool   Клапан cброса РБ2 открыт(обесточен) 
B2IS33LDU          bool   Клапан (Подъём РБ2)  открыт (обесточен) 
B2VP82LDU          bool   Давление ПОДЪЁМ РБ2 в норме 
B3IC01UDU          long   Координата штока ИС2 
B3IP02IDU          int    Текущее давление ВЫСТРЕЛ  ИС2 
B3IS11LDU          bool   Приход на ВУ ИС2 
B3IS21LDU          bool   Приход на НУ ИС2 
B3IS22LDU          bool   Приход на НУП ИС2 
B3IS31LDU          bool   Клапан (СПУСК ИС2)  открыт (обесточен) 
B3IS33LDU          bool   Клапан «ВЫСТРЕЛ ИС2»  открыт (обесточен) 
B3IS35LDU          bool   Клапан «ВПИС2» открыт(обесточен) 
B3VP81LDU          bool   Давление СПУСК ИС2 в норме 
B4IS10LDU          bool   Клапан (Подъём НИ2) открыт (обесточен) 
B4IS11LDU          bool   Приход на ВУ НИ2 
B4IS21LDU          bool   Приход на НУ НИ2 
B4VP82LDU          bool   Давление ПОДЪЁМ НИ2 в норме 
B5IS11LDU          bool   Приход на ВУ НЛ2 
B5IS21LDU          bool   Приход на НУ НЛ2 
B5VS12LDU          bool   Движение НЛ2 в сторону ВУ 
B5VS22LDU          bool   Движение НЛ2 в сторону НУ 
B6IS11LDU          bool   Приход на ВУ БЗ2 
B6IS21LDU          bool   Приход на НУ БЗ2 
B6VS12LDU          bool   Движение створок БЗ2  к ОТКРЫТА 
B6VS22LDU          bool   Движение створок БЗ2  к ЗАКРЫТА 
B7AS31LDU          bool   Клапан (Обдув АЗ2) открыт (обесточен) 
B8IC01UDU          long   Координата АЗ2 
B8IS11LDU          bool   Приход на ВУ1 АЗ2 
B8IS12LDU          bool   Приход на ВУ2 АЗ2 
B8IS21LDU          bool   Приход на НУ1 АЗ2 
B8IS22LDU          bool   Приход на НУ2 АЗ2 
B9IS11LDU          bool   Приход на ВУ НИ ДС2 
B9IS21LDU          bool   Приход на НУ НИ ДС2 
R0CR01RIM          float  Коэффициент 12 связи АЗ1,2 
R0CR02RIM          float  Коэффициент 11 связи АЗ1,2 
R0IE11LS1          bool   Исправность ВИП 1,6 (№8) СНМ11 1канала 
R0IE11LS2          bool   Исправность ВИП 1,6 (№11) СНМ11 2канала 
R0IE11LS3          bool   Исправность ВИП 1,6 (№14) СНМ11 3канала 
R0IE11LS4          bool   Исправность ВИП 1,6 (№17) СНМ11 4канала 
R0IE12LS1          bool   Исправность ВИП 0,5 (№9) КНК15-1 1канала 
R0IE12LS2          bool   Исправность ВИП 0,5 (№12) КНК15-1 2канала 
R0IE12LS3          bool   Исправность ВИП 0,5 (№15) КНК15-1 3канала 
R0IE12LS4          bool   Исправность ВИП 0,5 (№18) КНК15-1 4канала 
R0IE13LS1          bool   Исправность ВИП 0,5 (№10) КНК53М 1канала 
R0IE13LS2          bool   Исправность ВИП 0,5 (№13) КНК53М 2канала 
R0IE13LS3          bool   Исправность ВИП 0,5 (№16) КНК53М 3канала 
R0IE13LS4          bool   Исправность ВИП 0,5 (№19) КНК53М 4канала 
R0IS02LDU          bool   Разрешение ввода от имитатора 
R0SR01RIM          float  Текущая реактивность PУ 
R0SR02RIM          float  Текущая мощность РУ (ватт) 
R0ST01RIM          float  Текущий период разгона РУ 
R0VN01RS1          float  Период разгона канал1 
R0VN01RS2          float  Период разгона канал 2 
R0VN01RS3          float  Период разгона канал 3 
R0VN01RS4          float  Период разгона канал 4 
R0VN02RS1          float  Уровень мощности канал1 
R0VN02RS2          float  Уровень мощности канал 2 
R0VN02RS3          float  Уровень мощности канал 3 
R0VN02RS4          float  Уровень мощности канал 4 
R0VN15RS1          int    Номер ведущей камеры 1-СНМ-11,2-КНК-15М-1,3-КНК-53М,0-нет ведущей 
R0VN15RS2          int    Номер ведущей камеры канал 2 
R0VN15RS3          int    Номер ведущей камеры канал 3 
R0VN15RS4          int    Номер ведущей камеры канал 4 
R0VN61LS1          bool   ПС по мощности канал1 
R0VN61LS2          bool   ПС по мощности канал 2 
R0VN61LS3          bool   ПС по мощности канал 3 
R0VN61LS4          bool   ПС по мощности канал 4 
R0VN65LS1          bool   ПС по периоду разгона канал1 
R0VN65LS2          bool   ПС по периоду разгона канал 2 
R0VN65LS3          bool   ПС по периоду разгона канал 3 
R0VN65LS4          bool   ПС по периоду разгона канал 4 
R0VN71LZ1          bool   АС по мощности канал1 на БАЗ1 
R0VN71LZ2          bool   АС по мощности канал 1  на БАЗ2 
R0VN72LZ1          bool   АС по мощности канал 2 на БАЗ1 
R0VN72LZ2          bool   АС по мощности канал 2 на БАЗ2 
R0VN73LZ1          bool   АС по мощности канал 3 на БАЗ1 
R0VN73LZ2          bool   АС по мощности канал 3 на БАЗ2 
R0VN74LZ1          bool   АС по мощности канал 4 на БАЗ1 
R0VN74LZ2          bool   АС по мощности канал 4 на БАЗ2 
R0VN75LZ1          bool   АС по периоду разгонана БАЗ1 
R0VN75LZ2          bool   АС по периоду разгонана БАЗ2 
R0VN76LZ1          bool   АС по периоду разгона канал 2  на БАЗ1 
R0VN76LZ2          bool   АС по периоду разгона канал 2  на БАЗ2 
R0VN77LZ1          bool   АС по периоду разгона канал 3 на БАЗ1 
R0VN77LZ2          bool   АС по периоду разгона канал 3 на БАЗ2 
R0VN78LZ1          bool   АС по периоду разгона канал 4 на БАЗ1 
R0VN78LZ2          bool   АС по периоду разгона канал 4 на БАЗ2 
R1IS11LDU          bool   Приход на ВУ МДЗ1 
R1IS21LDU          bool   Приход на НУ МДЗ1 
R1VS12LDU          bool   Движение МДЗ1 в сторону ВУ 
R1VS22LDU          bool   Движение МДЗ1 в сторону НУ 
R2IS11LDU          bool   Приход на ВУ МДЗ2 
R2IS21LDU          bool   Приход на НУ МДЗ2 
R2VS12LDU          bool   Движение МДЗ2 в сторону ВУ 
R2VS22LDU          bool   Движение МДЗ2 в сторону НУ 
R3IS11LDU          bool   Приход на ВУ гомогенных дверей 
R3IS21LDU          bool   Приход на НУ гомогенных дверей 
R4IS11LDU          bool   Приход на ВУ1 тележки 
R4IS12LDU          bool   Приход на  ВУ2 тележки 
R4IS21LDU          bool   Приход на НУ1 тележки 
R4IS22LDU          bool   Приход на НУ2 тележки 
R4VS12LDU          bool   Движение реактора  к «У ОБРАЗЦОВ» 
R4VS22LDU          bool   Движение реактора к «У ЗАЩИТЫ» 
R5IS11LDU          bool   Приход на ВУ ворот отстойной зоны 
R5IS21LDU          bool   Приход на НУ ворот отстойной зоны 
R6IS21LDU          bool   Кран-балка в нерабочем положении 
R6IS62LDU          bool   Исправность ВИП ССДИ-39 1канал 
R6IS63LDU          bool   Исправность ВИП ССДИ-39 2канал 
R6IS64LDU          bool   Исправность ВИП ССДИ-35 1канал 
R6IS65LDU          bool   Исправность ВИП ССДИ-35 2канал 
R6IS66LZZ          bool   Исправность ВИП 4,0 (№5) ССДИ-1-1 
R6IS67LZZ          bool   Исправность ВИП 4,0 (№6) ССДИ-1-2 
R6IS68LZZ          bool   Исправность ВИП 4,0 (№7) ССДИ-2 
R7II71LZ1          bool   Сработала АС IУР (датчик 1) 
R7II71LZ2          bool   Сработала АС IУР (датчик 1) 
R7II72LZ1          bool   Сработала АС IУР (датчик 2) 
R7II72LZ2          bool   Сработала АС IУР (датчик 2) 
R7II73LZ1          bool   Сработала АС IIУР 
R7II73LZ2          bool   Сработала АС IIУР 
R8IS11LDU          bool   Аварийный НИ установлен 
