A0EE01LS1          bool  memory , /* Исправность АКНП канал1 на БАЗ1 */
A0EE01LS2          bool  memory , /* Исправность АКНП канал 2 на БАЗ1 */
A0EE01LS3          bool  memory , /* Исправность АКНП канал 3 на БАЗ1 */
A0EE01LS4          bool  memory , /* Исправность АКНП канал 4 на БАЗ1 */
A0IT01IZ1          int   memory , /* Температура АЗ1-1 */
A0IT02IZ2          int   memory , /* Температура АЗ1-2 */
A0SN02RIM          float memory , /* Концентрация запаздывающих нейтронов 1-го типа AЗ1 */
A0SN03RIM          float memory , /* Концентрация запаздывающих нейтронов 2-го типа AЗ1 */
A0SN04RIM          float memory , /* Концентрация запаздывающих нейтронов 3-го типа AЗ1 */
A0SN05RIM          float memory , /* Концентрация запаздывающих нейтронов 4-го типа AЗ1 */
A0SN06RIM          float memory , /* Концентрация запаздывающих нейтронов 5-го типа AЗ1 */
A0SN07RIM          float memory , /* Концентрация запаздывающих нейтронов 6-го типа AЗ1 */
A0SN08RIM          float memory , /* Поток нейтронов AЗ1(нейтр/с) */
A0SR01RIM          float memory , /* Текущая реактивность AЗ1 */
A0VN71LS1          bool  memory , /* Блокировка автоматического  подъёма ББ канал 1 на БАЗ1 */
A0VN71LS2          bool  memory , /* Блокировка автоматического подъёма ББ канал 2 на БАЗ1 */
A0VN71LS3          bool  memory , /* Блокировка автоматического  подъёма ББ канал 3 на БАЗ1 */
A0VN71LS4          bool  memory , /* Блокировка автоматического  подъёма ББ канал 4 на БАЗ1 */
A0VP81LZ1          bool  memory , /* Давление  АЗ1  в норме */
A0VP81LZ2          bool  memory , /* Давление  АЗ1  в норме */
A1EE01LS1          bool  memory , /* Исправность АКНП на БАЗ2 */
A1EE01LS2          bool  memory , /* Исправность АКНП канал 2 на БАЗ2 */
A1EE01LS3          bool  memory , /* Исправность АКНП канал 3 на БАЗ2 */
A1EE01LS4          bool  memory , /* Исправность АКНП канал 4 на БАЗ2 */
A1IC01UDU          long  memory , /* Координата штока ББ1 */
A1IE01LDU          bool  memory , /* Исправность БУШД ББ1 */
A1IE02LDU          bool  memory , /* Исправность ИП ББ1 */
A1IE03LDU          bool  memory , /* Движение ББ1 вперед (от БУШД) */
A1IE04LDU          bool  memory , /* Движение ББ1 назад (от БУШД) */
A1IS11LDU          bool  memory , /* Приход на ВУ ББ1 */
A1IS12LDU          bool  memory , /* Магнит ББ1 зацеплен */
A1IS21LDU          bool  memory , /* Приход на НУ ББ1 */
A1VN71LS1          bool  memory , /* Блокировка автоматического  подъёма ББ канал 1 на БАЗ2 */
A1VN71LS2          bool  memory , /* Блокировка автоматического подъёма ББ канал 2 на БАЗ2 */
A1VN71LS3          bool  memory , /* Блокировка автоматического  подъёма ББ канал 3 на БАЗ2 */
A1VN71LS4          bool  memory , /* Блокировка автоматического  подъёма ББ канал 4 на БАЗ2 */
A1VP81LZ1          bool  memory , /* Давление СБРОС ББ1 в норме */
A1VP81LZ2          bool  memory , /* Давление СБРОС ББ1 в норме */
A2IC01UDU          long  memory , /* Координата штока РБ1 */
A2IE01LDU          bool  memory , /* Исправность БУШД РБ1 */
A2IE02LDU          bool  memory , /* Исправность ИП РБ1 */
A2IE03LDU          bool  memory , /* Движение РБ1 вперед (от БУШД) */
A2IE04LDU          bool  memory , /* Движение РБ1 назад (от БУШД) */
A2IP01IZ1          int   memory , /* Текущее давление СБРОС РБ1 */
A2IP01IZ2          int   memory , /* Текущее давление СБРОС РБ1 */
A2IS11LDU          bool  memory , /* Приход на ВУ РБ1 */
A2IS12LDU          bool  memory , /* Магнит РБ1 зацеплен */
A2IS21LDU          bool  memory , /* Приход на НУ РБ1 */
A2IS33LDU          bool  memory , /* Клапан «Подъём РБ1»  открыт (обесточен) */
A2VP82LDU          bool  memory , /* Давление ПОДЪЁМ РБ1 в норме */
A3IC01UDU          long  memory , /* Координата штока ИС1 */
A3IE01LDU          bool  memory , /* Исправность БУШД ИС1 */
A3IE02LDU          bool  memory , /* Исправность ИП ИС1 */
A3IE03LDU          bool  memory , /* Движение ИС1 вперед (от БУШД) */
A3IE04LDU          bool  memory , /* Движение ИС1 назад (от БУШД) */
A3IP02IDU          int   memory , /* Текущее давление ВЫСТРЕЛ ИС1 */
A3IS11LDU          bool  memory , /* Приход на ВУ ИС1 */
A3IS11LZ1          bool  memory , /* Приход на ВУ ИС1 */
A3IS11LZ2          bool  memory , /* Приход на ВУ ИС1 */
A3IS21LDU          bool  memory , /* Приход на НУ ИС1 */
A3IS22LDU          bool  memory , /* Приход на НУП ИС1 */
A3IS22LZ1          bool  memory , /* Приход на НУП ИС1 */
A3IS22LZ2          bool  memory , /* Приход на НУП ИС1 */
A3IS31LDU          bool  memory , /* Клапан «СПУСК ИС1»  открыт (обесточен) */
A3IS33LDU          bool  memory , /* Клапан «ВЫСТРЕЛ ИС1»  открыт (обесточен) */
A3IS35LDU          bool  memory , /* Клапан «ВПИС1» открыт(обесточен) */
A3VP81LDU          bool  memory , /* Давление СПУСК ИС1 в норме */
A4IS10LDU          bool  memory , /* Клапан «Подъём НИ1» открыт (обесточен) */
A4IS11LDU          bool  memory , /* Приход на ВУ НИ1 */
A4IS21LDU          bool  memory , /* Приход на НУ НИ1 */
A4VP82LDU          bool  memory , /* Давление ПОДЪЁМ НИ1 в норме */
A5IE02LDU          bool  memory , /* Исправность ИП НЛ1 */
A5IS11LDU          bool  memory , /* Приход на ВУ НЛ1 */
A5IS21LDU          bool  memory , /* Приход на НУ НЛ1 */
A5VS12LDU          bool  memory , /* Движение НЛ1 в сторону ВУ */
A5VS22LDU          bool  memory , /* Движение НЛ1 в сторону НУ */
A6IE01LDU          bool  memory , /* Исправность ИП БЗ1 */
A6IS11LDU          bool  memory , /* Приход на ВУ БЗ1 */
A6IS21LDU          bool  memory , /* Приход на НУ БЗ1 */
A6VS12LDU          bool  memory , /* Движение створок БЗ1  к  «ОТКРЫТА» */
A6VS22LDU          bool  memory , /* Движение створок БЗ1  к «ЗАКРЫТА» */
A7AS31LDU          bool  memory , /* Клапан «Обдув АЗ1» открыт (обесточен) */
A8IC01UDU          long  memory , /* Координата ДС2 */
A8IE01LDU          bool  memory , /* Исправность ИП ДС2 */
A8IS12LDU          bool  memory , /* Приход на механический ВУ ДС2 */
A8IS22LDU          bool  memory , /* Приход на механический НУ ДС2 */
A9IS11LDU          bool  memory , /* Приход на ВУ НИ ДС1 */
A9IS21LDU          bool  memory , /* Приход на НУ НИ ДС1 */
B0IT01IZ1          int   memory , /* Температура АЗ2-1 */
B0IT02IZ2          int   memory , /* Температура АЗ2-2 */
B0SN02RIM          float memory , /* Концентрация запаздывающих нейтронов 1-го типа AЗ2 */
B0SN03RIM          float memory , /* Концентрация запаздывающих нейтронов 2-го типа AЗ2 */
B0SN04RIM          float memory , /* Концентрация запаздывающих нейтронов 3-го типа AЗ2 */
B0SN05RIM          float memory , /* Концентрация запаздывающих нейтронов 4-го типа AЗ2 */
B0SN06RIM          float memory , /* Концентрация запаздывающих нейтронов 5-го типа AЗ2 */
B0SN07RIM          float memory , /* Концентрация запаздывающих нейтронов 6-го типа AЗ2 */
B0SN08RIM          float memory , /* Поток нейтронов AЗ2(нейтр/с) */
B0SR01RIM          float memory , /* Текущая реактивность AЗ2 */
B0VP81LZ1          bool  memory , /* Давление  АЗ2  в норме */
B0VP81LZ2          bool  memory , /* Давление  АЗ2  в норме */
B1IC01UDU          long  memory , /* Координата штока ББ2 */
B1IE01LDU          bool  memory , /* Исправность БУШД ББ2 */
B1IE02LDU          bool  memory , /* Исправность ИП ББ2 */
B1IE03LDU          bool  memory , /* Движение ББ2 вперед (от БУШД) */
B1IE04LDU          bool  memory , /* Движение ББ2 назад (от БУШД) */
B1IS11LDU          bool  memory , /* Приход на ВУ ББ2 */
B1IS12LDU          bool  memory , /* Магнит ББ2 зацеплен */
B1IS21LDU          bool  memory , /* Приход на НУ ББ2 */
B1VP81LZ1          bool  memory , /* Давление СБРОС ББ2 в норме */
B1VP81LZ2          bool  memory , /* Давление СБРОС ББ2 в норме */
B2IC01UDU          long  memory , /* Координата штока РБ2 */
B2IE01LDU          bool  memory , /* Исправность БУШД РБ2 */
B2IE02LDU          bool  memory , /* Исправность ИП РБ2 */
B2IE03LDU          bool  memory , /* Движение РБ2 вперед (от БУШД) */
B2IE04LDU          bool  memory , /* Движение РБ2 назад (от БУШД) */
B2IP01IZ1          int   memory , /* Текущее давление СБРОС РБ2 */
B2IP01IZ2          int   memory , /* Текущее давление СБРОС РБ2 */
B2IS11LDU          bool  memory , /* Приход на ВУ РБ2 */
B2IS12LDU          bool  memory , /* Магнит РБ2 зацеплен */
B2IS21LDU          bool  memory , /* Приход на НУ РБ2 */
B2IS33LDU          bool  memory , /* Клапан «Подъём РБ2»  открыт (обесточен) */
B2VP82LDU          bool  memory , /* Давление ПОДЪЁМ РБ2 в норме */
B3IC01UDU          long  memory , /* Координата штока ИС2 */
B3IE01LDU          bool  memory , /* Исправность БУШД ИС2 */
B3IE02LDU          bool  memory , /* Исправность ИП ИС2 */
B3IE03LDU          bool  memory , /* Движение ИС2 вперед (от БУШД) */
B3IE04LDU          bool  memory , /* Движение ИС2 назад (от БУШД) */
B3IP02IDU          int   memory , /* Текущее давление ВЫСТРЕЛ  ИС2 */
B3IS11LDU          bool  memory , /* Приход на ВУ ИС2 */
B3IS11LZ1          bool  memory , /* Приход на ВУ ИС2 */
B3IS11LZ2          bool  memory , /* Приход на ВУ ИС2 */
B3IS21LDU          bool  memory , /* Приход на НУ ИС2 */
B3IS22LDU          bool  memory , /* Приход на НУП ИС2 */
B3IS22LZ1          bool  memory , /* Приход на НУП ИС2 */
B3IS22LZ2          bool  memory , /* Приход на НУП ИС2 */
B3IS31LDU          bool  memory , /* Клапан «СПУСК ИС2»  открыт (обесточен) */
B3IS33LDU          bool  memory , /* Клапан «ВЫСТРЕЛ ИС2»  открыт (обесточен) */
B3IS35LDU          bool  memory , /* Клапан «ВПИС2» открыт(обесточен) */
B3VP81LDU          bool  memory , /* Давление СПУСК ИС2 в норме */
B4IS10LDU          bool  memory , /* Клапан «Подъём НИ2» открыт (обесточен) */
B4IS11LDU          bool  memory , /* Приход на ВУ НИ2 */
B4IS21LDU          bool  memory , /* Приход на НУ НИ2 */
B4VP82LDU          bool  memory , /* Давление ПОДЪЁМ НИ2 в норме */
B5IE01LDU          bool  memory , /* Исправность ИП НЛ2 */
B5IS11LDU          bool  memory , /* Приход на ВУ НЛ2 */
B5IS21LDU          bool  memory , /* Приход на НУ НЛ2 */
B5VS12LDU          bool  memory , /* Движение НЛ2 в сторону ВУ */
B5VS22LDU          bool  memory , /* Движение НЛ2 в сторону НВУ */
B6IE01LDU          bool  memory , /* Исправность ИП БЗ2 */
B6IS11LDU          bool  memory , /* Приход на ВУ БЗ2 */
B6IS21LDU          bool  memory , /* Приход на НУ БЗ2 */
B6VS12LDU          bool  memory , /* Движение створок БЗ2  к  «ОТКРЫТА» */
B6VS22LDU          bool  memory , /* Движение створок БЗ2  к «ЗАКРЫТА» */
B7AS31LDU          bool  memory , /* Клапан «Обдув АЗ2» открыт (обесточен) */
B8IC01UDU          long  memory , /* Координата АЗ2 */
B8IS12LDU          bool  memory , /* Приход на механический ВУ АЗ2 */
B8IS22LDU          bool  memory , /* Приход на механический НУ АЗ2 */
B9IS11LDU          bool  memory , /* Приход на ВУ НИ ДС2 */
B9IS21LDU          bool  memory , /* Приход на НУ НИ ДС2 */
R0CR01RIM          float memory , /* Коэффициент 12 связи АЗ1,2 */
R0CR02RIM          float memory , /* Коэффициент 11 связи АЗ1,2 */
R0IE01LDU          bool  memory , /* Исправность ИП 24 В-2 */
R0IE02LDU          bool  memory , /* Исправность ИП 24 В-1 */
R0IE11LS1          bool  memory , /* Исправность ВИП 1,6 (№8) СНМ11 1канала */
R0IE11LS2          bool  memory , /* Исправность ВИП 1,6 (№11) СНМ11 2канала */
R0IE11LS3          bool  memory , /* Исправность ВИП 1,6 (№14) СНМ11 3канала */
R0IE11LS4          bool  memory , /* Исправность ВИП 1,6 (№17) СНМ11 4канала */
R0IE12LS1          bool  memory , /* Исправность ВИП 0,5 (№9) КНК15-1 1канала */
R0IE12LS2          bool  memory , /* Исправность ВИП 0,5 (№12) КНК15-1 2канала */
R0IE12LS3          bool  memory , /* Исправность ВИП 0,5 (№15) КНК15-1 3канала */
R0IE12LS4          bool  memory , /* Исправность ВИП 0,5 (№18) КНК15-1 4канала */
R0IE13LS1          bool  memory , /* Исправность ВИП 0,5 (№10) КНК53М 1канала */
R0IE13LS2          bool  memory , /* Исправность ВИП 0,5 (№13) КНК53М 2канала */
R0IE13LS3          bool  memory , /* Исправность ВИП 0,5 (№16) КНК53М 3канала */
R0IE13LS4          bool  memory , /* Исправность ВИП 0,5 (№19) КНК53М 4канала */
R0IS02LDU          bool  memory , /* Разрешение ввода от имитатора */
R0SR01RIM          float memory , /* Текущая реактивность PУ */
R0SR02RIM          float memory , /* Текущая мощность РУ (ватт) */
R0ST01RIM          float memory , /* Текущий период разгона РУ */
R0VN01RS1          float memory , /* Период разгона канал1 */
R0VN01RS2          float memory , /* Период разгона канал 2 */
R0VN01RS3          float memory , /* Период разгона канал 3 */
R0VN01RS4          float memory , /* Период разгона канал 4 */
R0VN02RS1          float memory , /* Уровень мощности канал1 */
R0VN02RS2          float memory , /* Уровень мощности канал 2 */
R0VN02RS3          float memory , /* Уровень мощности канал 3 */
R0VN02RS4          float memory , /* Уровень мощности канал 4 */
R0VN15RS1          int   memory , /* Номер ведущей камеры 1-СНМ-11,2-КНК-15М-1,3-КНК-53М,0-нет ведущей */
R0VN15RS2          int   memory , /* Номер ведущей камеры канал 2 */
R0VN15RS3          int   memory , /* Номер ведущей камеры канал 3 */
R0VN15RS4          int   memory , /* Номер ведущей камеры канал 4 */
R0VN61LS1          bool  memory , /* ПС по мощности канал1 */
R0VN61LS2          bool  memory , /* ПС по мощности канал 2 */
R0VN61LS3          bool  memory , /* ПС по мощности канал 3 */
R0VN61LS4          bool  memory , /* ПС по мощности канал 4 */
R0VN65LS1          bool  memory , /* ПС по периоду разгона канал1 */
R0VN65LS2          bool  memory , /* ПС по периоду разгона канал 2 */
R0VN65LS3          bool  memory , /* ПС по периоду разгона канал 3 */
R0VN65LS4          bool  memory , /* ПС по периоду разгона канал 4 */
R0VN71LZ1          bool  memory , /* АС по мощности канал1 на БАЗ1 */
R0VN71LZ2          bool  memory , /* АС по мощности канал 1  на БАЗ2 */
R0VN72LZ1          bool  memory , /* АС по мощности канал 2 на БАЗ1 */
R0VN72LZ2          bool  memory , /* АС по мощности канал 2 на БАЗ2 */
R0VN73LZ1          bool  memory , /* АС по мощности канал 3 на БАЗ1 */
R0VN73LZ2          bool  memory , /* АС по мощности канал 3 на БАЗ2 */
R0VN74LZ1          bool  memory , /* АС по мощности канал 4 на БАЗ1 */
R0VN74LZ2          bool  memory , /* АС по мощности канал 4 на БАЗ2 */
R0VN75LZ1          bool  memory , /* АС по периоду разгонана БАЗ1 */
R0VN75LZ2          bool  memory , /* АС по периоду разгонана БАЗ2 */
R0VN76LZ1          bool  memory , /* АС по периоду разгона канал 2  на БАЗ1 */
R0VN76LZ2          bool  memory , /* АС по периоду разгона канал 2  на БАЗ2 */
R0VN77LZ1          bool  memory , /* АС по периоду разгона канал 3 на БАЗ1 */
R0VN77LZ2          bool  memory , /* АС по периоду разгона канал 3 на БАЗ2 */
R0VN78LZ1          bool  memory , /* АС по периоду разгона канал 4 на БАЗ1 */
R0VN78LZ2          bool  memory , /* АС по периоду разгона канал 4 на БАЗ2 */
R0VP81LZ1          bool  memory , /* Давление  в СИСТЕМЕ - 1 в норме */
R0VP81LZ2          bool  memory , /* Давление  в СИСТЕМЕ-1  в норме */
R0VP82LZ1          bool  memory , /* Давление  в СИСТЕМЕ-2 в норме */
R0VP82LZ2          bool  memory , /* Давление  в СИСТЕМЕ-2 в норме */
R1IE01LDU          bool  memory , /* Исправность ИП МДЗ1 */
R1IS11LDU          bool  memory , /* Приход на ВУ МДЗ1 */
R1IS21LDU          bool  memory , /* Приход на НУ МДЗ1 */
R1VS12LDU          bool  memory , /* Движение МДЗ1 в сторону ВУ */
R1VS22LDU          bool  memory , /* Движение МДЗ1 в сторону НУ */
R2IE01LDU          bool  memory , /* Исправность ИП МДЗ2 */
R2IS11LDU          bool  memory , /* Приход на ВУ МДЗ2 */
R2IS21LDU          bool  memory , /* Приход на НУ МДЗ2 */
R2VS12LDU          bool  memory , /* Движение МДЗ2 в сторону ВУ */
R2VS22LDU          bool  memory , /* Движение МДЗ2 в сторону НУ */
R3AD10LDU          bool  memory , /* Гомогенные двери-1 открыть */
R3AD11LDU          bool  memory , /* Гомогенные двери-2 открыть */
R3AD20LDU          bool  memory , /* Гомогенные двери-1 закрыть */
R3AD21LDU          bool  memory , /* Гомогенные двери-2 закрыть */
R3IS11LDU          bool  memory , /* Приход на ВУ гомогенных дверей-1 */
R3IS21LDU          bool  memory , /* Приход на НУ гомогенных дверей-1 */
R3IS31LDU          bool  memory , /* Приход на ВУ гомогенных дверей-2 */
R3IS41LDU          bool  memory , /* Приход на НУ гомогенных дверей-2 */
R4IS11LDU          bool  memory , /* Приход на ВУ тележки */
R4IS12LDU          bool  memory , /* Приход на механический ВУ тележки */
R4IS21LDU          bool  memory , /* Приход на НУ тележки */
R4IS22LDU          bool  memory , /* Приход на механический НУ тележки */
R4VS12LDU          bool  memory , /* Движение реактора  к «У ОБРАЗЦОВ» */
R4VS22LDU          bool  memory , /* Движение реактора к «У ЗАЩИТЫ» */
R5AD10LDU          bool  memory , /* Открыть ворота отстойной зоны */
R5AD20LDU          bool  memory , /* Закрыть ворота отстойной зоны */
R5IS11LDU          bool  memory , /* Приход на ВУ ворот отстойной зоны */
R5IS21LDU          bool  memory , /* Приход на НУ ворот отстойной зоны */
R6IS21LDU          bool  memory , /* Кран-балка в нерабочем положении */
R6IS61LDU          bool  memory , /* Исправность 3-х  фазной сети */
R6IS62LDU          bool  memory , /* Исправность ВИП ССДИ-39 1канал */
R6IS63LDU          bool  memory , /* Исправность ВИП ССДИ-39 2канал */
R6IS64LDU          bool  memory , /* Исправность ВИП ССДИ-35 1канал */
R6IS65LDU          bool  memory , /* Исправность ВИП ССДИ-35 2канал */
R6IS66LZ1          bool  memory , /* Исправность ВИП 4,0 (№5) ССДИ-1-1 */
R6IS66LZ2          bool  memory , /* Исправность ВИП 4,0 (№5) ССДИ-1-1 */
R6IS67LZ1          bool  memory , /* Исправность ВИП 4,0 (№6) ССДИ-1-2 */
R6IS67LZ2          bool  memory , /* Исправность ВИП 4,0 (№6) ССДИ-1-2 */
R6IS68LZ1          bool  memory , /* Исправность ВИП 4,0 (№7) ССДИ-2 */
R6IS68LZ2          bool  memory , /* Исправность ВИП 4,0 (№7) ССДИ-2 */
R7II71LZ1          bool  memory , /* Сработала АС IУР (датчик 1) */
R7II71LZ2          bool  memory , /* Сработала АС IУР (датчик 1) */
R7II72LZ1          bool  memory , /* Сработала АС IУР (датчик 2) */
R7II72LZ2          bool  memory , /* Сработала АС IУР (датчик 2) */
R7II73LZ1          bool  memory , /* Сработала АС IIУР */
R7II73LZ2          bool  memory , /* Сработала АС IIУР */
R8IS11LDU          bool  memory , /* Аварийный НИ установлен */
